 -----------------------------------------------------------------------

                        WAMIT  Version 7.04(x64)       

     Copyright (c) 1999-012  WAMIT Incorporated                        
     Copyright (c) 1998 Massachusetts Institute of Technology          

 -----------------------------------------------------------------------

     The WAMIT software performs computations of wave interactions with
     floating or submerged vessels.  WAMIT is a registered trademark of
     WAMIT Incorporated.  This copy of the WAMIT software is licensed to 

            Institute for Energy Systems                    
            School of Engineering                           
            The University of Edinburgh                     
            The King's Buildings                            
            Mayfield Road                                   
            Edinburgh, EH9 3JL                              
            UK                                              
             
     for end use at the above site.        Release date: 1 Nov 2012 

 -----------------------------------------------------------------------


 Low-order panel method  (ILOWHI=0)                                     
                                                                        
 Input from Geometric Data File:         exp_flap1.gdf                  
 Model exp_flap1, created: 29-Aug-2015                                  
                                                                        
 Input from Potential Control File:      exp_flap.pot                   
 .pot file   Series:     Run: exp_flap                                  
                                                                        
                                                                        
 POTEN run date and starting time:        29-Aug-2015  --  23:46:06     
   Period       Time           RAD      DIFF  (max iterations)          
    1.2500    23:46:12           8      10                              
    1.0000    23:46:13           9      10                              
    0.8000    23:46:14          11      12                              

 Gravity:     9.80660                Length scale:        1.00000
 Water depth:         1.16000       Water density:     1000.00000
 Logarithmic singularity index:              ILOG =     1
 Source formulation index:                   ISOR =     0
 Diffraction/scattering formulation index: ISCATT =     0
 Number of blocks used in linear system:   ISOLVE =     0
 Number of unknowns in linear system:        NEQN =  2530

 BODY PARAMETERS:

 Total panels:    2340  Waterline panels:     86      Symmetries: none    
 Irregular frequency index: IRR = 1
 Free surface panels:     190

 XBODY =    0.0000 YBODY =    0.0000 ZBODY =   -0.4000 PHIBODY =   0.0
 Volumes (VOLX,VOLY,VOLZ):          0.192002E-01 0.192000E-01 0.192000E-01
 Center of Buoyancy (Xb,Yb,Zb):     0.000000     0.000000     0.200000
 Hydrostatic and gravitational restoring coefficients: 
 C(3,3),C(3,4),C(3,5):  0.48000E-01  0.80036E-10 -0.16007E-09
 C(4,4),C(4,5),C(4,6):               0.14390E-02  0.43201E-11  0.69633E-11
        C(5,5),C(5,6):                            0.24581E-04  0.10732E-09
 Center of Gravity  (Xg,Yg,Zg):     0.000000     0.000000     0.200000


 ------------------------------------------------------------------------
                            Output from  WAMIT
 ------------------------------------------------------------------------
 FORCE run date and starting time:                29-Aug-2015 -- 23:46:14
 ------------------------------------------------------------------------
 I/O Filenames:  exp_flap.frc        exp_flap.p2f        exp_flap.out        
 .frc file   Series:     Run: exp_flap                                   

 
 ************************************************************************

 Wave period (sec) =  1.250000E+00        Wavenumber (kL) =  2.589165E+00
 ------------------------------------------------------------------------
 ************************************************************************

 Wave period (sec) =  1.000000E+00        Wavenumber (kL) =  4.026405E+00
 ------------------------------------------------------------------------
 ************************************************************************

 Wave period (sec) =  8.000000E-01        Wavenumber (kL) =  6.290161E+00
 ------------------------------------------------------------------------
