 -----------------------------------------------------------------------

                        WAMIT  Version 7.04(x64)       

     Copyright (c) 1999-012  WAMIT Incorporated                        
     Copyright (c) 1998 Massachusetts Institute of Technology          

 -----------------------------------------------------------------------

     The WAMIT software performs computations of wave interactions with
     floating or submerged vessels.  WAMIT is a registered trademark of
     WAMIT Incorporated.  This copy of the WAMIT software is licensed to 

            Institute for Energy Systems                    
            School of Engineering                           
            The University of Edinburgh                     
            The King's Buildings                            
            Mayfield Road                                   
            Edinburgh, EH9 3JL                              
            UK                                              
             
     for end use at the above site.        Release date: 1 Nov 2012 

 -----------------------------------------------------------------------


 Low-order panel method  (ILOWHI=0)                                     
                                                                        
 Input from Geometric Data File:         exp_cyl1.gdf                   
 Model exp_cyl1, created: 29-Aug-2015                                   
                                                                        
 Input from Potential Control File:      exp_cyl.pot                    
 .pot file   Series:     Run: exp_cyl                                   
                                                                        
                                                                        
 POTEN run date and starting time:        29-Aug-2015  --  23:38:53     
   Period       Time           RAD      DIFF  (max iterations)          
    1.2500    23:39:02           8       9                              
    1.0000    23:39:04           9       9                              
    0.8000    23:39:06           9      10                              

 Gravity:     9.80660                Length scale:        1.00000
 Water depth:         1.16000       Water density:     1000.00000
 Logarithmic singularity index:              ILOG =     1
 Source formulation index:                   ISOR =     0
 Diffraction/scattering formulation index: ISCATT =     0
 Number of blocks used in linear system:   ISOLVE =     0
 Number of unknowns in linear system:        NEQN =  3200

 BODY PARAMETERS:

 Total panels:    3200  Waterline panels:    200      Symmetries: none    
 Irregular frequency index: IRR = 0

 XBODY =    0.0000 YBODY =    0.0000 ZBODY =    0.0000 PHIBODY =   0.0
 Volumes (VOLX,VOLY,VOLZ):          0.752711E-02 0.752711E-02 0.752711E-02
 Center of Buoyancy (Xb,Yb,Zb):     0.000000     0.000000    -0.033386
 Hydrostatic and gravitational restoring coefficients: 
 C(3,3),C(3,4),C(3,5):  0.12283      0.22658E-09 -0.35599E-09
 C(4,4),C(4,5),C(4,6):               0.23455E-06 -0.32508E-11  0.68360E-09
        C(5,5),C(5,6):                            0.58135E-02  0.18894E-11
 Center of Gravity  (Xg,Yg,Zg):     0.000000     0.000000     0.000000


 ------------------------------------------------------------------------
                            Output from  WAMIT
 ------------------------------------------------------------------------
 FORCE run date and starting time:                29-Aug-2015 -- 23:39:06
 ------------------------------------------------------------------------
 I/O Filenames:  exp_cyl.frc         exp_cyl.p2f         exp_cyl.out         
 .frc file   Series:     Run: exp_cyl                                    

 
 ************************************************************************

 Wave period (sec) =  1.250000E+00        Wavenumber (kL) =  2.589165E+00
 ------------------------------------------------------------------------
 ************************************************************************

 Wave period (sec) =  1.000000E+00        Wavenumber (kL) =  4.026405E+00
 ------------------------------------------------------------------------
 ************************************************************************

 Wave period (sec) =  8.000000E-01        Wavenumber (kL) =  6.290161E+00
 ------------------------------------------------------------------------
